{"C:\\Users\\matsumoto\\Documents\\work\\50_制作\\bookapp_ver2\\components\\atoms\\ButtonItem.vue": {"path":"C:\\Users\\matsumoto\\Documents\\work\\50_制作\\bookapp_ver2\\components\\atoms\\ButtonItem.vue","statementMap":{"0":{"start":{"line":11,"column":0},"end":{"line":11,"column":null}},"1":{"start":{"line":13,"column":0},"end":{"line":13,"column":null}},"2":{"start":{"line":15,"column":0},"end":{"line":14,"column":null}},"3":{"start":{"line":18,"column":0},"end":{"line":17,"column":null}},"4":{"start":{"line":21,"column":0},"end":{"line":20,"column":null}}},"fnMap":{},"branchMap":{},"s":{"0":3,"1":6,"2":3,"3":3,"4":3},"f":{},"b":{}}
,"C:\\Users\\matsumoto\\Documents\\work\\50_制作\\bookapp_ver2\\components\\atoms\\Footer.vue": {"path":"C:\\Users\\matsumoto\\Documents\\work\\50_制作\\bookapp_ver2\\components\\atoms\\Footer.vue","statementMap":{"0":{"start":{"line":8,"column":0},"end":{"line":8,"column":null}},"1":{"start":{"line":10,"column":0},"end":{"line":10,"column":null}},"2":{"start":{"line":11,"column":0},"end":{"line":11,"column":null}}},"fnMap":{"0":{"name":"(anonymous_2)","decl":{"start":{"line":10,"column":0},"end":{"line":10,"column":null}},"loc":{"start":{"line":10,"column":0},"end":{"line":12,"column":null}}}},"branchMap":{},"s":{"0":1,"1":2,"2":1},"f":{"0":1},"b":{}}
,"C:\\Users\\matsumoto\\Documents\\work\\50_制作\\bookapp_ver2\\components\\atoms\\Header.vue": {"path":"C:\\Users\\matsumoto\\Documents\\work\\50_制作\\bookapp_ver2\\components\\atoms\\Header.vue","statementMap":{"0":{"start":{"line":29,"column":0},"end":{"line":29,"column":null}},"1":{"start":{"line":31,"column":0},"end":{"line":31,"column":null}},"2":{"start":{"line":32,"column":0},"end":{"line":32,"column":null}},"3":{"start":{"line":33,"column":0},"end":{"line":39,"column":null}},"4":{"start":{"line":46,"column":0},"end":{"line":46,"column":null}}},"fnMap":{"0":{"name":"(anonymous_2)","decl":{"start":{"line":31,"column":0},"end":{"line":31,"column":null}},"loc":{"start":{"line":31,"column":0},"end":{"line":47,"column":null}}}},"branchMap":{},"s":{"0":1,"1":2,"2":1,"3":1,"4":1},"f":{"0":1},"b":{}}
,"C:\\Users\\matsumoto\\Documents\\work\\50_制作\\bookapp_ver2\\components\\atoms\\TitleItem.vue": {"path":"C:\\Users\\matsumoto\\Documents\\work\\50_制作\\bookapp_ver2\\components\\atoms\\TitleItem.vue","statementMap":{"0":{"start":{"line":5,"column":0},"end":{"line":5,"column":null}},"1":{"start":{"line":7,"column":0},"end":{"line":7,"column":null}}},"fnMap":{},"branchMap":{},"s":{"0":4,"1":8},"f":{},"b":{}}
,"C:\\Users\\matsumoto\\Documents\\work\\50_制作\\bookapp_ver2\\pages\\book.vue": {"path":"C:\\Users\\matsumoto\\Documents\\work\\50_制作\\bookapp_ver2\\pages\\book.vue","statementMap":{"0":{"start":{"line":13,"column":0},"end":{"line":13,"column":null}},"1":{"start":{"line":15,"column":0},"end":{"line":15,"column":null}},"2":{"start":{"line":17,"column":0},"end":{"line":17,"column":null}},"3":{"start":{"line":19,"column":0},"end":{"line":20,"column":null}},"4":{"start":{"line":30,"column":0},"end":{"line":30,"column":null}},"5":{"start":{"line":33,"column":0},"end":{"line":41,"column":null}},"6":{"start":{"line":34,"column":0},"end":{"line":38,"column":null}},"7":{"start":{"line":35,"column":0},"end":{"line":35,"column":null}},"8":{"start":{"line":40,"column":0},"end":{"line":40,"column":null}},"9":{"start":{"line":45,"column":0},"end":{"line":45,"column":null}},"10":{"start":{"line":53,"column":0},"end":{"line":53,"column":null}},"11":{"start":{"line":55,"column":0},"end":{"line":55,"column":null}},"12":{"start":{"line":59,"column":0},"end":{"line":59,"column":null}},"13":{"start":{"line":60,"column":0},"end":{"line":60,"column":null}},"14":{"start":{"line":64,"column":0},"end":{"line":64,"column":null}},"15":{"start":{"line":65,"column":0},"end":{"line":65,"column":null}},"16":{"start":{"line":69,"column":0},"end":{"line":69,"column":null}},"17":{"start":{"line":77,"column":0},"end":{"line":77,"column":null}},"18":{"start":{"line":78,"column":0},"end":{"line":78,"column":null}},"19":{"start":{"line":79,"column":0},"end":{"line":79,"column":null}},"20":{"start":{"line":83,"column":0},"end":{"line":83,"column":null}},"21":{"start":{"line":87,"column":0},"end":{"line":87,"column":null}},"22":{"start":{"line":88,"column":0},"end":{"line":92,"column":null}},"23":{"start":{"line":89,"column":0},"end":{"line":89,"column":null}},"24":{"start":{"line":90,"column":0},"end":{"line":90,"column":null}},"25":{"start":{"line":91,"column":0},"end":{"line":91,"column":null}}},"fnMap":{"0":{"name":"(anonymous_2)","decl":{"start":{"line":17,"column":0},"end":{"line":17,"column":null}},"loc":{"start":{"line":17,"column":0},"end":{"line":94,"column":null}}},"1":{"name":"(anonymous_3)","decl":{"start":{"line":32,"column":0},"end":{"line":32,"column":null}},"loc":{"start":{"line":32,"column":0},"end":{"line":42,"column":null}}},"2":{"name":"(anonymous_4)","decl":{"start":{"line":44,"column":0},"end":{"line":44,"column":null}},"loc":{"start":{"line":44,"column":0},"end":{"line":56,"column":null}}},"3":{"name":"(anonymous_5)","decl":{"start":{"line":58,"column":0},"end":{"line":58,"column":null}},"loc":{"start":{"line":58,"column":0},"end":{"line":61,"column":null}}},"4":{"name":"(anonymous_6)","decl":{"start":{"line":63,"column":0},"end":{"line":63,"column":null}},"loc":{"start":{"line":63,"column":0},"end":{"line":66,"column":null}}},"5":{"name":"(anonymous_7)","decl":{"start":{"line":68,"column":0},"end":{"line":68,"column":null}},"loc":{"start":{"line":68,"column":0},"end":{"line":80,"column":null}}},"6":{"name":"(anonymous_8)","decl":{"start":{"line":82,"column":0},"end":{"line":82,"column":null}},"loc":{"start":{"line":82,"column":0},"end":{"line":84,"column":null}}},"7":{"name":"(anonymous_9)","decl":{"start":{"line":86,"column":0},"end":{"line":86,"column":null}},"loc":{"start":{"line":86,"column":0},"end":{"line":93,"column":null}}}},"branchMap":{"0":{"loc":{"start":{"line":33,"column":0},"end":{"line":41,"column":null}},"type":"if","locations":[{"start":{"line":33,"column":0},"end":{"line":41,"column":null}},{"start":{"line":39,"column":0},"end":{"line":41,"column":null}}]},"1":{"loc":{"start":{"line":88,"column":0},"end":{"line":92,"column":null}},"type":"if","locations":[{"start":{"line":88,"column":0},"end":{"line":92,"column":null}}]}},"s":{"0":1,"1":1,"2":2,"3":1,"4":1,"5":1,"6":0,"7":0,"8":1,"9":0,"10":0,"11":0,"12":0,"13":0,"14":0,"15":0,"16":0,"17":0,"18":0,"19":0,"20":0,"21":0,"22":0,"23":0,"24":0,"25":0},"f":{"0":1,"1":1,"2":0,"3":0,"4":0,"5":0,"6":0,"7":0},"b":{"0":[0,1],"1":[0]}}
,"C:\\Users\\matsumoto\\Documents\\work\\50_制作\\bookapp_ver2\\pages\\index.vue": {"path":"C:\\Users\\matsumoto\\Documents\\work\\50_制作\\bookapp_ver2\\pages\\index.vue","statementMap":{"0":{"start":{"line":8,"column":0},"end":{"line":8,"column":null}},"1":{"start":{"line":10,"column":0},"end":{"line":10,"column":null}}},"fnMap":{},"branchMap":{},"s":{"0":0,"1":0},"f":{},"b":{}}
,"C:\\Users\\matsumoto\\Documents\\work\\50_制作\\bookapp_ver2\\pages\\book\\index.vue": {"path":"C:\\Users\\matsumoto\\Documents\\work\\50_制作\\bookapp_ver2\\pages\\book\\index.vue","statementMap":{"0":{"start":{"line":42,"column":0},"end":{"line":42,"column":null}},"1":{"start":{"line":43,"column":0},"end":{"line":43,"column":null}},"2":{"start":{"line":45,"column":0},"end":{"line":45,"column":null}},"3":{"start":{"line":46,"column":0},"end":{"line":46,"column":null}},"4":{"start":{"line":52,"column":0},"end":{"line":52,"column":null}},"5":{"start":{"line":48,"column":0},"end":{"line":47,"column":null}},"6":{"start":{"line":45,"column":0},"end":{"line":44,"column":null}}},"fnMap":{"0":{"name":"(anonymous_3)","decl":{"start":{"line":45,"column":0},"end":{"line":45,"column":null}},"loc":{"start":{"line":45,"column":0},"end":{"line":54,"column":null}}},"1":{"name":"(anonymous_4)","decl":{"start":{"line":50,"column":0},"end":{"line":50,"column":null}},"loc":{"start":{"line":50,"column":0},"end":{"line":53,"column":null}}},"2":{"name":"(anonymous_5)","decl":{"start":{"line":47,"column":0},"end":{"line":47,"column":null}},"loc":{"start":{"line":47,"column":0},"end":{"line":47,"column":null}}}},"branchMap":{},"s":{"0":1,"1":1,"2":1,"3":1,"4":0,"5":1,"6":1},"f":{"0":1,"1":0,"2":1},"b":{}}
,"C:\\Users\\matsumoto\\Documents\\work\\50_制作\\bookapp_ver2\\pages\\book\\search.vue": {"path":"C:\\Users\\matsumoto\\Documents\\work\\50_制作\\bookapp_ver2\\pages\\book\\search.vue","statementMap":{"0":{"start":{"line":56,"column":0},"end":{"line":56,"column":null}},"1":{"start":{"line":57,"column":0},"end":{"line":57,"column":null}},"2":{"start":{"line":58,"column":0},"end":{"line":58,"column":null}},"3":{"start":{"line":60,"column":0},"end":{"line":60,"column":null}},"4":{"start":{"line":62,"column":0},"end":{"line":62,"column":null}},"5":{"start":{"line":63,"column":0},"end":{"line":63,"column":null}},"6":{"start":{"line":64,"column":0},"end":{"line":64,"column":null}},"7":{"start":{"line":65,"column":0},"end":{"line":65,"column":null}},"8":{"start":{"line":66,"column":0},"end":{"line":66,"column":null}},"9":{"start":{"line":67,"column":0},"end":{"line":67,"column":null}},"10":{"start":{"line":68,"column":0},"end":{"line":68,"column":null}},"11":{"start":{"line":71,"column":0},"end":{"line":71,"column":null}},"12":{"start":{"line":75,"column":0},"end":{"line":75,"column":null}},"13":{"start":{"line":77,"column":0},"end":{"line":77,"column":null}},"14":{"start":{"line":78,"column":0},"end":{"line":78,"column":null}},"15":{"start":{"line":82,"column":0},"end":{"line":82,"column":null}},"16":{"start":{"line":85,"column":0},"end":{"line":85,"column":null}},"17":{"start":{"line":88,"column":0},"end":{"line":103,"column":null}},"18":{"start":{"line":89,"column":0},"end":{"line":89,"column":null}},"19":{"start":{"line":91,"column":0},"end":{"line":91,"column":null}},"20":{"start":{"line":93,"column":0},"end":{"line":102,"column":null}},"21":{"start":{"line":94,"column":0},"end":{"line":94,"column":null}},"22":{"start":{"line":95,"column":0},"end":{"line":95,"column":null}},"23":{"start":{"line":96,"column":0},"end":{"line":96,"column":null}},"24":{"start":{"line":97,"column":0},"end":{"line":97,"column":null}},"25":{"start":{"line":60,"column":0},"end":{"line":59,"column":null}}},"fnMap":{"0":{"name":"(anonymous_3)","decl":{"start":{"line":60,"column":0},"end":{"line":60,"column":null}},"loc":{"start":{"line":60,"column":0},"end":{"line":105,"column":null}}},"1":{"name":"(anonymous_4)","decl":{"start":{"line":70,"column":0},"end":{"line":70,"column":null}},"loc":{"start":{"line":70,"column":0},"end":{"line":72,"column":null}}},"2":{"name":"(anonymous_5)","decl":{"start":{"line":74,"column":0},"end":{"line":74,"column":null}},"loc":{"start":{"line":74,"column":0},"end":{"line":104,"column":null}}}},"branchMap":{"0":{"loc":{"start":{"line":88,"column":0},"end":{"line":103,"column":null}},"type":"if","locations":[{"start":{"line":88,"column":0},"end":{"line":103,"column":null}},{"start":{"line":90,"column":0},"end":{"line":103,"column":null}}]},"1":{"loc":{"start":{"line":98,"column":0},"end":{"line":98,"column":null}},"type":"binary-expr","locations":[{"start":{"line":98,"column":0},"end":{"line":98,"column":null}},{"start":{"line":98,"column":0},"end":{"line":98,"column":null}}]},"2":{"loc":{"start":{"line":99,"column":0},"end":{"line":99,"column":null}},"type":"cond-expr","locations":[{"start":{"line":99,"column":0},"end":{"line":99,"column":null}},{"start":{"line":99,"column":0},"end":{"line":99,"column":null}}]},"3":{"loc":{"start":{"line":100,"column":0},"end":{"line":100,"column":null}},"type":"cond-expr","locations":[{"start":{"line":100,"column":0},"end":{"line":100,"column":null}},{"start":{"line":100,"column":0},"end":{"line":100,"column":null}}]}},"s":{"0":1,"1":1,"2":1,"3":1,"4":1,"5":1,"6":1,"7":1,"8":1,"9":1,"10":1,"11":0,"12":0,"13":0,"14":0,"15":0,"16":0,"17":0,"18":0,"19":0,"20":0,"21":0,"22":0,"23":0,"24":0,"25":1},"f":{"0":1,"1":0,"2":0},"b":{"0":[0,0],"1":[0,0],"2":[0,0],"3":[0,0]}}
,"C:\\Users\\matsumoto\\Documents\\work\\50_制作\\bookapp_ver2\\pages\\book\\edit\\_id.vue": {"path":"C:\\Users\\matsumoto\\Documents\\work\\50_制作\\bookapp_ver2\\pages\\book\\edit\\_id.vue","statementMap":{"0":{"start":{"line":55,"column":0},"end":{"line":55,"column":null}},"1":{"start":{"line":57,"column":0},"end":{"line":57,"column":null}},"2":{"start":{"line":58,"column":0},"end":{"line":58,"column":null}},"3":{"start":{"line":60,"column":0},"end":{"line":60,"column":null}},"4":{"start":{"line":62,"column":0},"end":{"line":62,"column":null}},"5":{"start":{"line":64,"column":0},"end":{"line":64,"column":null}},"6":{"start":{"line":65,"column":0},"end":{"line":65,"column":null}},"7":{"start":{"line":66,"column":0},"end":{"line":66,"column":null}},"8":{"start":{"line":67,"column":0},"end":{"line":67,"column":null}},"9":{"start":{"line":68,"column":0},"end":{"line":68,"column":null}},"10":{"start":{"line":69,"column":0},"end":{"line":69,"column":null}},"11":{"start":{"line":76,"column":0},"end":{"line":85,"column":null}},"12":{"start":{"line":77,"column":0},"end":{"line":77,"column":null}},"13":{"start":{"line":78,"column":0},"end":{"line":84,"column":null}},"14":{"start":{"line":79,"column":0},"end":{"line":79,"column":null}},"15":{"start":{"line":81,"column":0},"end":{"line":81,"column":null}},"16":{"start":{"line":89,"column":0},"end":{"line":89,"column":null}},"17":{"start":{"line":72,"column":0},"end":{"line":71,"column":null}},"18":{"start":{"line":62,"column":0},"end":{"line":61,"column":null}}},"fnMap":{"0":{"name":"(anonymous_3)","decl":{"start":{"line":62,"column":0},"end":{"line":62,"column":null}},"loc":{"start":{"line":62,"column":0},"end":{"line":96,"column":null}}},"1":{"name":"(anonymous_4)","decl":{"start":{"line":75,"column":0},"end":{"line":75,"column":null}},"loc":{"start":{"line":75,"column":0},"end":{"line":86,"column":null}}},"2":{"name":"(anonymous_5)","decl":{"start":{"line":76,"column":0},"end":{"line":76,"column":null}},"loc":{"start":{"line":76,"column":0},"end":{"line":85,"column":null}}},"3":{"name":"(anonymous_6)","decl":{"start":{"line":88,"column":0},"end":{"line":88,"column":null}},"loc":{"start":{"line":88,"column":0},"end":{"line":95,"column":null}}},"4":{"name":"(anonymous_7)","decl":{"start":{"line":71,"column":0},"end":{"line":71,"column":null}},"loc":{"start":{"line":71,"column":0},"end":{"line":71,"column":null}}}},"branchMap":{"0":{"loc":{"start":{"line":78,"column":0},"end":{"line":84,"column":null}},"type":"if","locations":[{"start":{"line":78,"column":0},"end":{"line":84,"column":null}},{"start":{"line":80,"column":0},"end":{"line":84,"column":null}}]}},"s":{"0":1,"1":1,"2":1,"3":1,"4":1,"5":1,"6":1,"7":1,"8":1,"9":1,"10":1,"11":0,"12":0,"13":0,"14":0,"15":0,"16":0,"17":1,"18":1},"f":{"0":1,"1":0,"2":0,"3":0,"4":1},"b":{"0":[0,0]}}
,"C:\\Users\\matsumoto\\Documents\\work\\50_制作\\bookapp_ver2\\pages\\firebasetest\\addData.vue": {"path":"C:\\Users\\matsumoto\\Documents\\work\\50_制作\\bookapp_ver2\\pages\\firebasetest\\addData.vue","statementMap":{"0":{"start":{"line":8,"column":0},"end":{"line":8,"column":null}},"1":{"start":{"line":9,"column":0},"end":{"line":9,"column":null}},"2":{"start":{"line":11,"column":0},"end":{"line":11,"column":null}},"3":{"start":{"line":12,"column":0},"end":{"line":12,"column":null}},"4":{"start":{"line":13,"column":0},"end":{"line":13,"column":null}},"5":{"start":{"line":16,"column":0},"end":{"line":27,"column":null}},"6":{"start":{"line":18,"column":0},"end":{"line":18,"column":null}},"7":{"start":{"line":19,"column":0},"end":{"line":19,"column":null}},"8":{"start":{"line":20,"column":0},"end":{"line":20,"column":null}},"9":{"start":{"line":24,"column":0},"end":{"line":24,"column":null}},"10":{"start":{"line":26,"column":0},"end":{"line":26,"column":null}},"11":{"start":{"line":11,"column":0},"end":{"line":10,"column":null}}},"fnMap":{"0":{"name":"(anonymous_2)","decl":{"start":{"line":11,"column":0},"end":{"line":11,"column":null}},"loc":{"start":{"line":11,"column":0},"end":{"line":29,"column":null}}},"1":{"name":"(anonymous_3)","decl":{"start":{"line":15,"column":0},"end":{"line":15,"column":null}},"loc":{"start":{"line":15,"column":0},"end":{"line":28,"column":null}}}},"branchMap":{},"s":{"0":0,"1":0,"2":0,"3":0,"4":0,"5":0,"6":0,"7":0,"8":0,"9":0,"10":0,"11":0},"f":{"0":0,"1":0},"b":{}}
}
