TN:
SF:components\atoms\ButtonItem.vue
FNF:0
FNH:0
DA:11,3
DA:13,6
DA:15,3
DA:18,3
DA:21,3
LF:5
LH:5
BRF:0
BRH:0
end_of_record
TN:
SF:components\atoms\Footer.vue
FN:10,(anonymous_2)
FNF:1
FNH:1
FNDA:1,(anonymous_2)
DA:8,1
DA:10,2
DA:11,1
LF:3
LH:3
BRF:0
BRH:0
end_of_record
TN:
SF:components\atoms\Header.vue
FN:31,(anonymous_2)
FNF:1
FNH:1
FNDA:1,(anonymous_2)
DA:29,1
DA:31,2
DA:32,1
DA:33,1
DA:46,1
LF:5
LH:5
BRF:0
BRH:0
end_of_record
TN:
SF:components\atoms\TitleItem.vue
FNF:0
FNH:0
DA:5,4
DA:7,8
LF:2
LH:2
BRF:0
BRH:0
end_of_record
TN:
SF:pages\book.vue
FN:17,(anonymous_2)
FN:32,(anonymous_3)
FN:44,(anonymous_4)
FN:58,(anonymous_5)
FN:63,(anonymous_6)
FN:68,(anonymous_7)
FN:82,(anonymous_8)
FN:86,(anonymous_9)
FNF:8
FNH:2
FNDA:1,(anonymous_2)
FNDA:1,(anonymous_3)
FNDA:0,(anonymous_4)
FNDA:0,(anonymous_5)
FNDA:0,(anonymous_6)
FNDA:0,(anonymous_7)
FNDA:0,(anonymous_8)
FNDA:0,(anonymous_9)
DA:13,1
DA:15,1
DA:17,2
DA:19,1
DA:30,1
DA:33,1
DA:34,0
DA:35,0
DA:40,1
DA:45,0
DA:53,0
DA:55,0
DA:59,0
DA:60,0
DA:64,0
DA:65,0
DA:69,0
DA:77,0
DA:78,0
DA:79,0
DA:83,0
DA:87,0
DA:88,0
DA:89,0
DA:90,0
DA:91,0
LF:26
LH:7
BRDA:33,0,0,0
BRDA:33,0,1,1
BRDA:88,1,0,0
BRF:3
BRH:1
end_of_record
TN:
SF:pages\index.vue
FNF:0
FNH:0
DA:8,0
DA:10,0
LF:2
LH:0
BRF:0
BRH:0
end_of_record
TN:
SF:pages\book\index.vue
FN:45,(anonymous_3)
FN:50,(anonymous_4)
FN:47,(anonymous_5)
FNF:3
FNH:2
FNDA:1,(anonymous_3)
FNDA:0,(anonymous_4)
FNDA:1,(anonymous_5)
DA:42,1
DA:43,1
DA:45,1
DA:46,1
DA:48,1
DA:52,0
LF:6
LH:5
BRF:0
BRH:0
end_of_record
TN:
SF:pages\book\search.vue
FN:60,(anonymous_3)
FN:70,(anonymous_4)
FN:74,(anonymous_5)
FNF:3
FNH:1
FNDA:1,(anonymous_3)
FNDA:0,(anonymous_4)
FNDA:0,(anonymous_5)
DA:56,1
DA:57,1
DA:58,1
DA:60,1
DA:62,1
DA:63,1
DA:64,1
DA:65,1
DA:66,1
DA:67,1
DA:68,1
DA:71,0
DA:75,0
DA:77,0
DA:78,0
DA:82,0
DA:85,0
DA:88,0
DA:89,0
DA:91,0
DA:93,0
DA:94,0
DA:95,0
DA:96,0
DA:97,0
LF:25
LH:11
BRDA:88,0,0,0
BRDA:88,0,1,0
BRDA:98,1,0,0
BRDA:98,1,1,0
BRDA:99,2,0,0
BRDA:99,2,1,0
BRDA:100,3,0,0
BRDA:100,3,1,0
BRF:8
BRH:0
end_of_record
TN:
SF:pages\book\edit\_id.vue
FN:62,(anonymous_3)
FN:75,(anonymous_4)
FN:76,(anonymous_5)
FN:88,(anonymous_6)
FN:71,(anonymous_7)
FNF:5
FNH:2
FNDA:1,(anonymous_3)
FNDA:0,(anonymous_4)
FNDA:0,(anonymous_5)
FNDA:0,(anonymous_6)
FNDA:1,(anonymous_7)
DA:55,1
DA:57,1
DA:58,1
DA:60,1
DA:62,1
DA:64,1
DA:65,1
DA:66,1
DA:67,1
DA:68,1
DA:69,1
DA:72,1
DA:76,0
DA:77,0
DA:78,0
DA:79,0
DA:81,0
DA:89,0
LF:18
LH:12
BRDA:78,0,0,0
BRDA:78,0,1,0
BRF:2
BRH:0
end_of_record
TN:
SF:pages\firebasetest\addData.vue
FN:11,(anonymous_2)
FN:15,(anonymous_3)
FNF:2
FNH:0
FNDA:0,(anonymous_2)
FNDA:0,(anonymous_3)
DA:8,0
DA:9,0
DA:11,0
DA:12,0
DA:13,0
DA:16,0
DA:18,0
DA:19,0
DA:20,0
DA:24,0
DA:26,0
LF:11
LH:0
BRF:0
BRH:0
end_of_record
